

============================== 2022-08-09 09:16:07.534201 | cad6fe30-e9fc-4523-bd56-b5e631a8e00a ==============================
[0m09:16:07.534214 [info ] [MainThread]: Running with dbt=1.2.0
[0m09:16:07.534693 [debug] [MainThread]: running dbt with arguments {'write_json': True, 'use_colors': True, 'printer_width': 80, 'version_check': True, 'partial_parse': True, 'static_parser': True, 'profiles_dir': '/home/nikhil/.dbt', 'send_anonymous_usage_stats': True, 'event_buffer_size': 100000, 'quiet': False, 'no_print': False, 'which': 'run', 'rpc_method': 'run', 'indirect_selection': 'eager'}
[0m09:16:07.534848 [debug] [MainThread]: Tracking: tracking
[0m09:16:07.535096 [debug] [MainThread]: Sending event: {'category': 'dbt', 'action': 'invocation', 'label': 'start', 'context': [<snowplow_tracker.self_describing_json.SelfDescribingJson object at 0x7ff34d7ecfa0>, <snowplow_tracker.self_describing_json.SelfDescribingJson object at 0x7ff34d7ec850>, <snowplow_tracker.self_describing_json.SelfDescribingJson object at 0x7ff34d7d0c10>]}
[0m09:16:07.544559 [info ] [MainThread]: Partial parse save file not found. Starting full parse.
[0m09:16:07.545015 [debug] [MainThread]: Sending event: {'category': 'dbt', 'action': 'partial_parser', 'label': 'cad6fe30-e9fc-4523-bd56-b5e631a8e00a', 'context': [<snowplow_tracker.self_describing_json.SelfDescribingJson object at 0x7ff370f00310>]}
[0m09:16:07.572814 [debug] [MainThread]: Parsing macros/adapters.sql
[0m09:16:07.600693 [debug] [MainThread]: Parsing macros/catalog.sql
[0m09:16:07.601880 [debug] [MainThread]: Parsing macros/materializations/snapshot.sql
[0m09:16:07.602495 [debug] [MainThread]: Parsing macros/materializations/merge.sql
[0m09:16:07.604693 [debug] [MainThread]: Parsing macros/materializations/incremental.sql
[0m09:16:07.611270 [debug] [MainThread]: Parsing macros/materializations/table.sql
[0m09:16:07.613462 [debug] [MainThread]: Parsing macros/materializations/view.sql
[0m09:16:07.614258 [debug] [MainThread]: Parsing macros/materializations/seed.sql
[0m09:16:07.617298 [debug] [MainThread]: Parsing macros/utils/bool_or.sql
[0m09:16:07.617599 [debug] [MainThread]: Parsing macros/utils/safe_cast.sql
[0m09:16:07.617927 [debug] [MainThread]: Parsing macros/utils/right.sql
[0m09:16:07.618300 [debug] [MainThread]: Parsing macros/utils/escape_single_quotes.sql
[0m09:16:07.618650 [debug] [MainThread]: Parsing macros/adapters/columns.sql
[0m09:16:07.624192 [debug] [MainThread]: Parsing macros/adapters/relation.sql
[0m09:16:07.632452 [debug] [MainThread]: Parsing macros/adapters/persist_docs.sql
[0m09:16:07.635096 [debug] [MainThread]: Parsing macros/adapters/freshness.sql
[0m09:16:07.636880 [debug] [MainThread]: Parsing macros/adapters/apply_grants.sql
[0m09:16:07.644966 [debug] [MainThread]: Parsing macros/adapters/indexes.sql
[0m09:16:07.646561 [debug] [MainThread]: Parsing macros/adapters/schema.sql
[0m09:16:07.647826 [debug] [MainThread]: Parsing macros/adapters/metadata.sql
[0m09:16:07.651985 [debug] [MainThread]: Parsing macros/get_custom_name/get_custom_schema.sql
[0m09:16:07.653647 [debug] [MainThread]: Parsing macros/get_custom_name/get_custom_database.sql
[0m09:16:07.654652 [debug] [MainThread]: Parsing macros/get_custom_name/get_custom_alias.sql
[0m09:16:07.655628 [debug] [MainThread]: Parsing macros/etc/datetime.sql
[0m09:16:07.660584 [debug] [MainThread]: Parsing macros/etc/statement.sql
[0m09:16:07.663188 [debug] [MainThread]: Parsing macros/generic_test_sql/unique.sql
[0m09:16:07.663625 [debug] [MainThread]: Parsing macros/generic_test_sql/not_null.sql
[0m09:16:07.664124 [debug] [MainThread]: Parsing macros/generic_test_sql/relationships.sql
[0m09:16:07.664690 [debug] [MainThread]: Parsing macros/generic_test_sql/accepted_values.sql
[0m09:16:07.665530 [debug] [MainThread]: Parsing macros/materializations/configs.sql
[0m09:16:07.666891 [debug] [MainThread]: Parsing macros/materializations/hooks.sql
[0m09:16:07.669215 [debug] [MainThread]: Parsing macros/materializations/tests/where_subquery.sql
[0m09:16:07.670351 [debug] [MainThread]: Parsing macros/materializations/tests/helpers.sql
[0m09:16:07.671503 [debug] [MainThread]: Parsing macros/materializations/tests/test.sql
[0m09:16:07.674146 [debug] [MainThread]: Parsing macros/materializations/seeds/helpers.sql
[0m09:16:07.684702 [debug] [MainThread]: Parsing macros/materializations/seeds/seed.sql
[0m09:16:07.688900 [debug] [MainThread]: Parsing macros/materializations/snapshots/snapshot_merge.sql
[0m09:16:07.689903 [debug] [MainThread]: Parsing macros/materializations/snapshots/snapshot.sql
[0m09:16:07.696780 [debug] [MainThread]: Parsing macros/materializations/snapshots/strategies.sql
[0m09:16:07.706810 [debug] [MainThread]: Parsing macros/materializations/snapshots/helpers.sql
[0m09:16:07.714281 [debug] [MainThread]: Parsing macros/materializations/models/incremental/on_schema_change.sql
[0m09:16:07.723310 [debug] [MainThread]: Parsing macros/materializations/models/incremental/merge.sql
[0m09:16:07.732756 [debug] [MainThread]: Parsing macros/materializations/models/incremental/incremental.sql
[0m09:16:07.738347 [debug] [MainThread]: Parsing macros/materializations/models/incremental/is_incremental.sql
[0m09:16:07.739258 [debug] [MainThread]: Parsing macros/materializations/models/incremental/column_helpers.sql
[0m09:16:07.741870 [debug] [MainThread]: Parsing macros/materializations/models/view/create_or_replace_view.sql
[0m09:16:07.743868 [debug] [MainThread]: Parsing macros/materializations/models/view/helpers.sql
[0m09:16:07.744646 [debug] [MainThread]: Parsing macros/materializations/models/view/view.sql
[0m09:16:07.747853 [debug] [MainThread]: Parsing macros/materializations/models/view/create_view_as.sql
[0m09:16:07.749253 [debug] [MainThread]: Parsing macros/materializations/models/table/create_table_as.sql
[0m09:16:07.750915 [debug] [MainThread]: Parsing macros/materializations/models/table/table.sql
[0m09:16:07.754222 [debug] [MainThread]: Parsing macros/utils/listagg.sql
[0m09:16:07.755641 [debug] [MainThread]: Parsing macros/utils/split_part.sql
[0m09:16:07.756897 [debug] [MainThread]: Parsing macros/utils/literal.sql
[0m09:16:07.757472 [debug] [MainThread]: Parsing macros/utils/datediff.sql
[0m09:16:07.758215 [debug] [MainThread]: Parsing macros/utils/date_trunc.sql
[0m09:16:07.758872 [debug] [MainThread]: Parsing macros/utils/any_value.sql
[0m09:16:07.759447 [debug] [MainThread]: Parsing macros/utils/bool_or.sql
[0m09:16:07.760007 [debug] [MainThread]: Parsing macros/utils/dateadd.sql
[0m09:16:07.760741 [debug] [MainThread]: Parsing macros/utils/safe_cast.sql
[0m09:16:07.761417 [debug] [MainThread]: Parsing macros/utils/last_day.sql
[0m09:16:07.762676 [debug] [MainThread]: Parsing macros/utils/length.sql
[0m09:16:07.763253 [debug] [MainThread]: Parsing macros/utils/concat.sql
[0m09:16:07.763833 [debug] [MainThread]: Parsing macros/utils/right.sql
[0m09:16:07.764488 [debug] [MainThread]: Parsing macros/utils/escape_single_quotes.sql
[0m09:16:07.765152 [debug] [MainThread]: Parsing macros/utils/position.sql
[0m09:16:07.765854 [debug] [MainThread]: Parsing macros/utils/replace.sql
[0m09:16:07.766605 [debug] [MainThread]: Parsing macros/utils/cast_bool_to_text.sql
[0m09:16:07.767232 [debug] [MainThread]: Parsing macros/utils/data_types.sql
[0m09:16:07.771333 [debug] [MainThread]: Parsing macros/utils/intersect.sql
[0m09:16:07.771902 [debug] [MainThread]: Parsing macros/utils/except.sql
[0m09:16:07.772414 [debug] [MainThread]: Parsing macros/utils/hash.sql
[0m09:16:07.773069 [debug] [MainThread]: Parsing tests/generic/builtin.sql
[0m09:16:07.928277 [debug] [MainThread]: 1699: static parser successfully parsed src/src_hosts.sql
[0m09:16:07.935155 [debug] [MainThread]: 1699: static parser successfully parsed src/src_reviews.sql
[0m09:16:07.936512 [debug] [MainThread]: 1699: static parser successfully parsed src/src_listings.sql
[0m09:16:07.937911 [debug] [MainThread]: 1699: static parser successfully parsed dim/dim_hosts_cleansed.sql
[0m09:16:07.939379 [debug] [MainThread]: 1699: static parser successfully parsed dim/dim_listings_cleansed.sql
[0m09:16:07.955055 [warn ] [MainThread]: [[33mWARNING[0m]: Configuration paths exist in your dbt_project.yml file which do not apply to any resources.
There are 1 unused configuration paths:
- models.dbtUdemyLearning.example

[0m09:16:07.958314 [debug] [MainThread]: Sending event: {'category': 'dbt', 'action': 'load_project', 'label': 'cad6fe30-e9fc-4523-bd56-b5e631a8e00a', 'context': [<snowplow_tracker.self_describing_json.SelfDescribingJson object at 0x7ff370e6ae50>]}
[0m09:16:07.963218 [debug] [MainThread]: Sending event: {'category': 'dbt', 'action': 'resource_counts', 'label': 'cad6fe30-e9fc-4523-bd56-b5e631a8e00a', 'context': [<snowplow_tracker.self_describing_json.SelfDescribingJson object at 0x7ff34d7ec3d0>]}
[0m09:16:07.963538 [info ] [MainThread]: Found 5 models, 0 tests, 0 snapshots, 0 analyses, 267 macros, 0 operations, 0 seed files, 0 sources, 0 exposures, 0 metrics
[0m09:16:07.963798 [debug] [MainThread]: Sending event: {'category': 'dbt', 'action': 'runnable_timing', 'label': 'cad6fe30-e9fc-4523-bd56-b5e631a8e00a', 'context': [<snowplow_tracker.self_describing_json.SelfDescribingJson object at 0x7ff370e3f100>]}
[0m09:16:07.964932 [info ] [MainThread]: 
[0m09:16:07.965479 [debug] [MainThread]: Acquiring new snowflake connection "master"
[0m09:16:07.966328 [debug] [ThreadPool]: Acquiring new snowflake connection "list_airbnb"
[0m09:16:07.977716 [debug] [ThreadPool]: Using snowflake connection "list_airbnb"
[0m09:16:07.977975 [debug] [ThreadPool]: On list_airbnb: /* {"app": "dbt", "dbt_version": "1.2.0", "profile_name": "dbtUdemyLearning", "target_name": "dev", "connection_name": "list_airbnb"} */
show terse schemas in database airbnb
    limit 10000
[0m09:16:07.978130 [debug] [ThreadPool]: Opening a new connection, currently in state init
[0m09:16:09.699557 [debug] [ThreadPool]: SQL status: SUCCESS 3 in 1.72 seconds
[0m09:16:09.701245 [debug] [ThreadPool]: On list_airbnb: Close
[0m09:16:09.963202 [debug] [ThreadPool]: Acquiring new snowflake connection "create_airbnb_dev"
[0m09:16:09.964264 [debug] [ThreadPool]: Acquiring new snowflake connection "create_airbnb_dev"
[0m09:16:09.964812 [debug] [ThreadPool]: Creating schema "_ReferenceKey(database='airbnb', schema='dev', identifier=None)"
[0m09:16:09.969868 [debug] [ThreadPool]: Using snowflake connection "create_airbnb_dev"
[0m09:16:09.969980 [debug] [ThreadPool]: On create_airbnb_dev: /* {"app": "dbt", "dbt_version": "1.2.0", "profile_name": "dbtUdemyLearning", "target_name": "dev", "connection_name": "create_airbnb_dev"} */
create schema if not exists airbnb.dev
[0m09:16:09.970051 [debug] [ThreadPool]: Opening a new connection, currently in state closed
[0m09:16:10.891739 [debug] [ThreadPool]: SQL status: SUCCESS 1 in 0.92 seconds
[0m09:16:10.893671 [debug] [ThreadPool]: On create_airbnb_dev: Close
[0m09:16:11.110474 [debug] [ThreadPool]: Acquiring new snowflake connection "list_airbnb_dev"
[0m09:16:11.117863 [debug] [ThreadPool]: Using snowflake connection "list_airbnb_dev"
[0m09:16:11.118052 [debug] [ThreadPool]: On list_airbnb_dev: /* {"app": "dbt", "dbt_version": "1.2.0", "profile_name": "dbtUdemyLearning", "target_name": "dev", "connection_name": "list_airbnb_dev"} */
show terse objects in airbnb.dev
[0m09:16:11.118157 [debug] [ThreadPool]: Opening a new connection, currently in state init
[0m09:16:11.751389 [debug] [ThreadPool]: SQL status: SUCCESS 0 in 0.63 seconds
[0m09:16:11.753984 [debug] [ThreadPool]: On list_airbnb_dev: Close
[0m09:16:11.989784 [debug] [MainThread]: Sending event: {'category': 'dbt', 'action': 'runnable_timing', 'label': 'cad6fe30-e9fc-4523-bd56-b5e631a8e00a', 'context': [<snowplow_tracker.self_describing_json.SelfDescribingJson object at 0x7ff370efae20>]}
[0m09:16:11.990867 [info ] [MainThread]: Concurrency: 4 threads (target='dev')
[0m09:16:11.991545 [info ] [MainThread]: 
[0m09:16:12.001752 [debug] [Thread-1  ]: Began running node model.dbtUdemyLearning.src_hosts
[0m09:16:12.002094 [debug] [Thread-2  ]: Began running node model.dbtUdemyLearning.src_listings
[0m09:16:12.003995 [debug] [Thread-3  ]: Began running node model.dbtUdemyLearning.src_reviews
[0m09:16:12.004357 [info ] [Thread-1  ]: 1 of 3 START view model dev.src_hosts .......................................... [RUN]
[0m09:16:12.004922 [info ] [Thread-2  ]: 2 of 3 START view model dev.src_listings ....................................... [RUN]
[0m09:16:12.005191 [info ] [Thread-3  ]: 3 of 3 START view model dev.src_reviews ........................................ [RUN]
[0m09:16:12.006135 [debug] [Thread-1  ]: Acquiring new snowflake connection "model.dbtUdemyLearning.src_hosts"
[0m09:16:12.006677 [debug] [Thread-1  ]: Began compiling node model.dbtUdemyLearning.src_hosts
[0m09:16:12.006858 [debug] [Thread-1  ]: Compiling model.dbtUdemyLearning.src_hosts
[0m09:16:12.007401 [debug] [Thread-2  ]: Acquiring new snowflake connection "model.dbtUdemyLearning.src_listings"
[0m09:16:12.009552 [debug] [Thread-1  ]: Writing injected SQL for node "model.dbtUdemyLearning.src_hosts"
[0m09:16:12.010125 [debug] [Thread-3  ]: Acquiring new snowflake connection "model.dbtUdemyLearning.src_reviews"
[0m09:16:12.010401 [debug] [Thread-2  ]: Began compiling node model.dbtUdemyLearning.src_listings
[0m09:16:12.010737 [debug] [Thread-3  ]: Began compiling node model.dbtUdemyLearning.src_reviews
[0m09:16:12.011099 [debug] [Thread-2  ]: Compiling model.dbtUdemyLearning.src_listings
[0m09:16:12.011400 [debug] [Thread-3  ]: Compiling model.dbtUdemyLearning.src_reviews
[0m09:16:12.012889 [debug] [Thread-2  ]: Writing injected SQL for node "model.dbtUdemyLearning.src_listings"
[0m09:16:12.014283 [debug] [Thread-3  ]: Writing injected SQL for node "model.dbtUdemyLearning.src_reviews"
[0m09:16:12.014654 [debug] [Thread-1  ]: finished collecting timing info
[0m09:16:12.015431 [debug] [Thread-1  ]: Began executing node model.dbtUdemyLearning.src_hosts
[0m09:16:12.015751 [debug] [Thread-3  ]: finished collecting timing info
[0m09:16:12.026750 [debug] [Thread-2  ]: finished collecting timing info
[0m09:16:12.035913 [debug] [Thread-1  ]: Writing runtime SQL for node "model.dbtUdemyLearning.src_hosts"
[0m09:16:12.036211 [debug] [Thread-3  ]: Began executing node model.dbtUdemyLearning.src_reviews
[0m09:16:12.036450 [debug] [Thread-2  ]: Began executing node model.dbtUdemyLearning.src_listings
[0m09:16:12.038525 [debug] [Thread-3  ]: Writing runtime SQL for node "model.dbtUdemyLearning.src_reviews"
[0m09:16:12.040836 [debug] [Thread-2  ]: Writing runtime SQL for node "model.dbtUdemyLearning.src_listings"
[0m09:16:12.042913 [debug] [Thread-1  ]: Using snowflake connection "model.dbtUdemyLearning.src_hosts"
[0m09:16:12.043557 [debug] [Thread-1  ]: On model.dbtUdemyLearning.src_hosts: /* {"app": "dbt", "dbt_version": "1.2.0", "profile_name": "dbtUdemyLearning", "target_name": "dev", "node_id": "model.dbtUdemyLearning.src_hosts"} */
create or replace  view airbnb.dev.src_hosts
  
   as (
    WITH raw_hosts AS (
    SELECT
    *
    FROM
AIRBNB.RAW.RAW_HOSTS
)
SELECT
    id AS host_id,
    NAME AS host_name,
    is_superhost,
    created_at,
    updated_at
FROM
    raw_hosts
  );
[0m09:16:12.043847 [debug] [Thread-1  ]: Opening a new connection, currently in state closed
[0m09:16:12.045856 [debug] [Thread-2  ]: Using snowflake connection "model.dbtUdemyLearning.src_listings"
[0m09:16:12.046091 [debug] [Thread-2  ]: On model.dbtUdemyLearning.src_listings: /* {"app": "dbt", "dbt_version": "1.2.0", "profile_name": "dbtUdemyLearning", "target_name": "dev", "node_id": "model.dbtUdemyLearning.src_listings"} */
create or replace  view airbnb.dev.src_listings
  
   as (
    WITH raw_listings AS (
    SELECT
    *
    FROM
AIRBNB.RAW.RAW_LISTINGS
)
SELECT
    id AS listing_id,
    name AS listing_name,
    listing_url,
    room_type,
    minimum_nights,
    host_id,
    price AS price_str,
    created_at,
    updated_at
FROM
    raw_listings
  );
[0m09:16:12.046295 [debug] [Thread-2  ]: Opening a new connection, currently in state closed
[0m09:16:12.047747 [debug] [Thread-3  ]: Using snowflake connection "model.dbtUdemyLearning.src_reviews"
[0m09:16:12.048032 [debug] [Thread-3  ]: On model.dbtUdemyLearning.src_reviews: /* {"app": "dbt", "dbt_version": "1.2.0", "profile_name": "dbtUdemyLearning", "target_name": "dev", "node_id": "model.dbtUdemyLearning.src_reviews"} */
create or replace  view airbnb.dev.src_reviews
  
   as (
    WITH raw_reviews AS (
    SELECT
    *
    FROM
    AIRBNB.RAW.RAW_REVIEWS
)
SELECT
    listing_id,date AS review_date,
    reviewer_name,
    comments AS review_text,
    sentiment AS review_sentiment
FROM
    raw_reviews
  );
[0m09:16:12.050376 [debug] [Thread-3  ]: Opening a new connection, currently in state init
[0m09:16:13.094873 [debug] [Thread-3  ]: SQL status: SUCCESS 1 in 1.04 seconds
[0m09:16:13.111172 [debug] [Thread-3  ]: finished collecting timing info
[0m09:16:13.111333 [debug] [Thread-3  ]: On model.dbtUdemyLearning.src_reviews: Close
[0m09:16:13.166012 [debug] [Thread-2  ]: SQL status: SUCCESS 1 in 1.12 seconds
[0m09:16:13.169397 [debug] [Thread-2  ]: finished collecting timing info
[0m09:16:13.169788 [debug] [Thread-2  ]: On model.dbtUdemyLearning.src_listings: Close
[0m09:16:13.316048 [debug] [Thread-3  ]: Sending event: {'category': 'dbt', 'action': 'run_model', 'label': 'cad6fe30-e9fc-4523-bd56-b5e631a8e00a', 'context': [<snowplow_tracker.self_describing_json.SelfDescribingJson object at 0x7ff34d79fd30>]}
[0m09:16:13.317026 [info ] [Thread-3  ]: 3 of 3 OK created view model dev.src_reviews ................................... [[32mSUCCESS 1[0m in 1.31s]
[0m09:16:13.317969 [debug] [Thread-3  ]: Finished running node model.dbtUdemyLearning.src_reviews
[0m09:16:13.320089 [debug] [Thread-1  ]: SQL status: SUCCESS 1 in 1.28 seconds
[0m09:16:13.323045 [debug] [Thread-1  ]: finished collecting timing info
[0m09:16:13.323292 [debug] [Thread-1  ]: On model.dbtUdemyLearning.src_hosts: Close
[0m09:16:13.398619 [debug] [Thread-2  ]: Sending event: {'category': 'dbt', 'action': 'run_model', 'label': 'cad6fe30-e9fc-4523-bd56-b5e631a8e00a', 'context': [<snowplow_tracker.self_describing_json.SelfDescribingJson object at 0x7ff34c2bdd30>]}
[0m09:16:13.399043 [info ] [Thread-2  ]: 2 of 3 OK created view model dev.src_listings .................................. [[32mSUCCESS 1[0m in 1.39s]
[0m09:16:13.399348 [debug] [Thread-2  ]: Finished running node model.dbtUdemyLearning.src_listings
[0m09:16:13.521327 [debug] [Thread-1  ]: Sending event: {'category': 'dbt', 'action': 'run_model', 'label': 'cad6fe30-e9fc-4523-bd56-b5e631a8e00a', 'context': [<snowplow_tracker.self_describing_json.SelfDescribingJson object at 0x7ff34c2bdcd0>]}
[0m09:16:13.522357 [info ] [Thread-1  ]: 1 of 3 OK created view model dev.src_hosts ..................................... [[32mSUCCESS 1[0m in 1.52s]
[0m09:16:13.523217 [debug] [Thread-1  ]: Finished running node model.dbtUdemyLearning.src_hosts
[0m09:16:13.526601 [debug] [MainThread]: Acquiring new snowflake connection "master"
[0m09:16:13.527313 [info ] [MainThread]: 
[0m09:16:13.527786 [info ] [MainThread]: Finished running 3 view models in 0 hours 0 minutes and 5.56 seconds (5.56s).
[0m09:16:13.528367 [debug] [MainThread]: Connection 'master' was properly closed.
[0m09:16:13.528621 [debug] [MainThread]: Connection 'model.dbtUdemyLearning.src_listings' was properly closed.
[0m09:16:13.528819 [debug] [MainThread]: Connection 'model.dbtUdemyLearning.src_hosts' was properly closed.
[0m09:16:13.529012 [debug] [MainThread]: Connection 'model.dbtUdemyLearning.src_reviews' was properly closed.
[0m09:16:13.534821 [info ] [MainThread]: 
[0m09:16:13.535076 [info ] [MainThread]: [32mCompleted successfully[0m
[0m09:16:13.535292 [info ] [MainThread]: 
[0m09:16:13.535507 [info ] [MainThread]: Done. PASS=3 WARN=0 ERROR=0 SKIP=0 TOTAL=3
[0m09:16:13.535912 [debug] [MainThread]: Sending event: {'category': 'dbt', 'action': 'invocation', 'label': 'end', 'context': [<snowplow_tracker.self_describing_json.SelfDescribingJson object at 0x7ff370ee1610>, <snowplow_tracker.self_describing_json.SelfDescribingJson object at 0x7ff36f7b4ee0>, <snowplow_tracker.self_describing_json.SelfDescribingJson object at 0x7ff34d358610>]}
